<?xml version="1.0" encoding="UTF-8"?>
<!-- Generated by org.testng.reporters.JUnitReportReporter -->
<testsuite hostname="lappy" failures="0" tests="3" name="www.lavatech.com.TestClass" time="19.582" errors="0" timestamp="2024-02-17T18:30:26 IST" skipped="0">
  <testcase classname="www.lavatech.com.TestClass" name="logIn" time="3.489"/>
  <system-out/>
  <testcase classname="www.lavatech.com.TestClass" name="addCart" time="6.238"/>
  <system-out/>
  <testcase classname="www.lavatech.com.TestClass" name="placeOrder" time="9.855"/>
  <system-out/>
</testsuite> <!-- www.lavatech.com.TestClass -->
