<?xml version="1.0" encoding="UTF-8"?>
<!-- Generated by org.testng.reporters.JUnitReportReporter -->
<testsuite hostname="lappy" failures="0" tests="1" name="www.lavatech.com.TestClassTest" time="0.009" errors="0" timestamp="2024-02-17T17:00:23 IST" skipped="0">
  <testcase classname="www.lavatech.com.TestClassTest" name="f" time="0.009"/>
  <system-out/>
</testsuite> <!-- www.lavatech.com.TestClassTest -->
